{"level":"error","message":"{Error:400, Route:undefined, Message:ContenedorMongoDb: save Error, Error: MongoServerError: E11000 duplicate key error collection: ecommerce.products index: id_1 dup key: { id: 4 }}","timestamp":"2023-02-22T06:41:10.605Z"}
{"level":"error","message":"{Error:400, Route:undefined, Message:ContenedorMongoDb: save Error, Error: MongoServerError: E11000 duplicate key error collection: ecommerce.products index: id_1 dup key: { id: 4 }}","timestamp":"2023-02-22T06:42:56.511Z"}
{"level":"error","message":"{Error:400, Route:undefined, Message:ContenedorMongoDb: save Error, Error: MongoServerError: E11000 duplicate key error collection: ecommerce.products index: id_1 dup key: { id: 4 }}","timestamp":"2023-02-22T06:45:54.746Z"}
{"level":"error","message":"{Error:400, Route:/tienda/producto/undefined, Message:Single Product Page Error, Error: ReferenceError: err is not defined}","timestamp":"2023-04-11T06:29:57.712Z"}
{"level":"error","message":"{Error:400, Route:/tienda/producto/undefined, Message:Single Product Page Error, Error: ReferenceError: err is not defined}","timestamp":"2023-04-11T06:30:18.268Z"}
{"level":"error","message":"{Error:400, Route:/tienda/producto/undefined, Message:Single Product Page Error, Error: ReferenceError: err is not defined}","timestamp":"2023-04-11T06:30:50.060Z"}
{"level":"error","message":"{function:getProductsByID, route:/api/products/2, method:GET, error:TypeError: ProductsDaoMemory.getById(...).then is not a function}","timestamp":"2023-04-14T20:22:39.954Z"}
{"level":"error","message":"{function:getProductsByID, route:/api/products/2, method:GET, error:TypeError: ProductsDaoMemory.getById(...).then is not a function}","timestamp":"2023-04-14T20:22:42.242Z"}
{"level":"error","message":"{function:getProductsByID, route:/api/products/3, method:GET, error:TypeError: ProductsDaoMemory.getById(...).then is not a function}","timestamp":"2023-04-14T20:22:46.494Z"}
{"level":"error","message":"{function:getProductsByID, route:/api/products/3, method:GET, error:TypeError: ProductsDaoMemory.getById(...).then is not a function}","timestamp":"2023-04-14T20:24:06.543Z"}
{"level":"error","message":"{function:getProductsByID, route:/api/products/3, method:GET, error:TypeError: ProductsDaoMemory.getById(...).then is not a function}","timestamp":"2023-04-14T20:24:24.180Z"}
{"level":"error","message":"{function:getProductsByID, route:/api/products/3, method:GET, error:TypeError: ProductsDaoMemory.getById(...).then is not a function}","timestamp":"2023-04-14T20:24:37.433Z"}
{"level":"error","message":"{Error:400, Route:undefined, Message:ContenedorMongoDb: save Error, Error: ValidationError: price: Cast to Number failed for value \"NaN\" (type number) at path \"price\", stock: Cast to Number failed for value \"NaN\" (type number) at path \"stock\"}","timestamp":"2023-04-15T23:18:52.464Z"}
{"level":"error","message":"{Error:400, Route:undefined, Message:ContenedorMongoDb: save Error, Error: ValidationError: price: Cast to Number failed for value \"NaN\" (type number) at path \"price\", stock: Cast to Number failed for value \"NaN\" (type number) at path \"stock\"}","timestamp":"2023-04-15T23:19:10.398Z"}
{"level":"error","message":"{Error:400, Route:undefined, Message:ContenedorMongoDb: save Error, Error: ValidationError: price: Cast to Number failed for value \"NaN\" (type number) at path \"price\", stock: Cast to Number failed for value \"NaN\" (type number) at path \"stock\"}","timestamp":"2023-04-15T23:19:34.663Z"}
{"level":"error","message":"{Error:400, Route:undefined, Message:ContenedorMongoDb: save Error, Error: ValidationError: price: Cast to Number failed for value \"NaN\" (type number) at path \"price\", stock: Cast to Number failed for value \"NaN\" (type number) at path \"stock\"}","timestamp":"2023-04-15T23:23:11.222Z"}
{"level":"error","message":"{function:deleteCartProduct, route:/api/carrito/2/productos/4, method:DELETE, error:ReferenceError: deleteCartProduct is not defined}","timestamp":"2023-04-16T02:55:38.656Z"}
{"level":"error","message":"{function:Send Mail Rejected, route:/api/carrito/2/createOrder, method:POST, error:Order ID-2 sent by usermail walterio.pineda@gmail.com but sendMail error response -> Error: Invalid login: 535-5.7.8 Username and Password not accepted. Learn more at\n535 5.7.8  https://support.google.com/mail/?p=BadCredentials u7-20020a056870440700b001803597b4cesm3250116oah.55 - gsmtp}","timestamp":"2023-04-16T03:03:38.199Z"}
{"level":"error","message":"{function:Send Mail Rejected, route:/session/register, method:POST, error:created successfull user iselacreyo@gmail.com but sendMail error response -> Error: Invalid login: 535-5.7.8 Username and Password not accepted. Learn more at\n535 5.7.8  https://support.google.com/mail/?p=BadCredentials d145-20020a4a5297000000b0053b56462336sm1087386oob.21 - gsmtp}","timestamp":"2023-04-16T04:21:46.946Z"}
{"level":"error","message":"{function:passwordChange, route:/session /passwordChange, user:iselacreyo@gmail.com, method:POST, error:ReferenceError: err is not defined}","timestamp":"2023-04-16T06:39:41.033Z"}
{"level":"error","message":"{function:unauthorized POST method on passwordChange - User already login, route:/session /passwordChange, user:iselacreyo@gmail.com, method:POST, error:-1}","timestamp":"2023-04-16T06:42:11.833Z"}
{"level":"error","message":"{Error:400, Route:undefined, Message:UsersDaoMongoDb: saveUser Error, Error: MongoServerError: E11000 duplicate key error collection: ecommerce.users index: email_1 dup key: { email: null }}","timestamp":"2023-04-16T06:53:17.537Z"}
{"level":"error","message":"{function:Send Mail Rejected, route:/session/register, method:POST, error:created successfull user iselacreyo@gmail.com but sendMail error response -> Error: Invalid login: 535-5.7.8 Username and Password not accepted. Learn more at\n535 5.7.8  https://support.google.com/mail/?p=BadCredentials l9-20020a05687014c900b001806f2ac9a6sm3458624oab.47 - gsmtp}","timestamp":"2023-04-16T08:26:34.360Z"}
{"level":"error","message":"{service:instagram, method:update , error:TypeError: photos.forEach is not a function}","timestamp":"2023-04-24T03:55:31.741Z"}
{"level":"error","message":"{service:instagram, method:update , error:TypeError: photos.forEach is not a function}","timestamp":"2023-04-24T04:00:30.093Z"}
