{"level":"warn","message":"{Error:404, Route:/socket.io/?EIO=4&transport=polling&t=OPtsFVl, Message:Error 404, Error: PAGE NOT FOUND}","timestamp":"2023-02-22T06:39:14.020Z"}
{"level":"warn","message":"{Error:404, Route:/socket.io/?EIO=4&transport=polling&t=OPtsHDE, Message:Error 404, Error: PAGE NOT FOUND}","timestamp":"2023-02-22T06:39:20.497Z"}
{"level":"warn","message":"{Error:404, Route:/socket.io/?EIO=4&transport=polling&t=OPtsIgx, Message:Error 404, Error: PAGE NOT FOUND}","timestamp":"2023-02-22T06:39:26.467Z"}
{"level":"warn","message":"{Error:404, Route:/socket.io/?EIO=4&transport=polling&t=OPtsK8e, Message:Error 404, Error: PAGE NOT FOUND}","timestamp":"2023-02-22T06:39:32.474Z"}
{"level":"warn","message":"{Error:404, Route:/socket.io/?EIO=4&transport=polling&t=OPtsLQZ, Message:Error 404, Error: PAGE NOT FOUND}","timestamp":"2023-02-22T06:39:37.729Z"}
{"level":"error","message":"{Error:400, Route:undefined, Message:ContenedorMongoDb: save Error, Error: MongoServerError: E11000 duplicate key error collection: ecommerce.products index: id_1 dup key: { id: 4 }}","timestamp":"2023-02-22T06:41:10.605Z"}
{"level":"warn","message":"{Error:404, Route:/tienda/producto/, Message:Error 404, Error: PAGE NOT FOUND}","timestamp":"2023-02-22T06:41:52.924Z"}
{"level":"error","message":"{Error:400, Route:undefined, Message:ContenedorMongoDb: save Error, Error: MongoServerError: E11000 duplicate key error collection: ecommerce.products index: id_1 dup key: { id: 4 }}","timestamp":"2023-02-22T06:42:56.511Z"}
{"level":"error","message":"{Error:400, Route:undefined, Message:ContenedorMongoDb: save Error, Error: MongoServerError: E11000 duplicate key error collection: ecommerce.products index: id_1 dup key: { id: 4 }}","timestamp":"2023-02-22T06:45:54.746Z"}
{"level":"warn","message":"{Error:404, Route:/undefined, Message:Error 404, Error: PAGE NOT FOUND}","timestamp":"2023-04-11T06:09:17.029Z"}
{"level":"warn","message":"{Error:404, Route:/undefined, Message:Error 404, Error: PAGE NOT FOUND}","timestamp":"2023-04-11T06:09:18.861Z"}
{"level":"warn","message":"{Error:404, Route:/undefined, Message:Error 404, Error: PAGE NOT FOUND}","timestamp":"2023-04-11T06:10:56.205Z"}
{"level":"warn","message":"{Error:404, Route:/undefined, Message:Error 404, Error: PAGE NOT FOUND}","timestamp":"2023-04-11T06:11:09.135Z"}
{"level":"warn","message":"{Error:404, Route:/undefined, Message:Error 404, Error: PAGE NOT FOUND}","timestamp":"2023-04-11T06:11:21.560Z"}
{"level":"warn","message":"{Error:404, Route:/undefined, Message:Error 404, Error: PAGE NOT FOUND}","timestamp":"2023-04-11T06:15:50.861Z"}
{"level":"warn","message":"{Error:404, Route:/undefined, Message:Error 404, Error: PAGE NOT FOUND}","timestamp":"2023-04-11T06:16:58.284Z"}
{"level":"warn","message":"{Error:404, Route:/undefined, Message:Error 404, Error: PAGE NOT FOUND}","timestamp":"2023-04-11T06:21:00.423Z"}
{"level":"error","message":"{Error:400, Route:/tienda/producto/undefined, Message:Single Product Page Error, Error: ReferenceError: err is not defined}","timestamp":"2023-04-11T06:29:57.712Z"}
{"level":"error","message":"{Error:400, Route:/tienda/producto/undefined, Message:Single Product Page Error, Error: ReferenceError: err is not defined}","timestamp":"2023-04-11T06:30:18.268Z"}
{"level":"error","message":"{Error:400, Route:/tienda/producto/undefined, Message:Single Product Page Error, Error: ReferenceError: err is not defined}","timestamp":"2023-04-11T06:30:50.060Z"}
{"level":"warn","message":"{Error:404, Route:/undefined, Message:Error 404, Error: PAGE NOT FOUND}","timestamp":"2023-04-11T06:36:04.638Z"}
{"level":"error","message":"{function:getProductsByID, route:/api/products/2, method:GET, error:TypeError: ProductsDaoMemory.getById(...).then is not a function}","timestamp":"2023-04-14T20:22:39.954Z"}
{"level":"error","message":"{function:getProductsByID, route:/api/products/2, method:GET, error:TypeError: ProductsDaoMemory.getById(...).then is not a function}","timestamp":"2023-04-14T20:22:42.242Z"}
{"level":"error","message":"{function:getProductsByID, route:/api/products/3, method:GET, error:TypeError: ProductsDaoMemory.getById(...).then is not a function}","timestamp":"2023-04-14T20:22:46.494Z"}
{"level":"error","message":"{function:getProductsByID, route:/api/products/3, method:GET, error:TypeError: ProductsDaoMemory.getById(...).then is not a function}","timestamp":"2023-04-14T20:24:06.543Z"}
{"level":"error","message":"{function:getProductsByID, route:/api/products/3, method:GET, error:TypeError: ProductsDaoMemory.getById(...).then is not a function}","timestamp":"2023-04-14T20:24:24.180Z"}
{"level":"error","message":"{function:getProductsByID, route:/api/products/3, method:GET, error:TypeError: ProductsDaoMemory.getById(...).then is not a function}","timestamp":"2023-04-14T20:24:37.433Z"}
{"level":"warn","message":"{Error:404, Route:/favicon.ico, Message:Error 404, Error: PAGE NOT FOUND}","timestamp":"2023-04-15T21:35:46.385Z"}
{"level":"warn","message":"{Error:404, Route:/favicon.ico, Message:Error 404, Error: PAGE NOT FOUND}","timestamp":"2023-04-15T23:03:08.268Z"}
{"level":"error","message":"{Error:400, Route:undefined, Message:ContenedorMongoDb: save Error, Error: ValidationError: price: Cast to Number failed for value \"NaN\" (type number) at path \"price\", stock: Cast to Number failed for value \"NaN\" (type number) at path \"stock\"}","timestamp":"2023-04-15T23:18:52.464Z"}
{"level":"error","message":"{Error:400, Route:undefined, Message:ContenedorMongoDb: save Error, Error: ValidationError: price: Cast to Number failed for value \"NaN\" (type number) at path \"price\", stock: Cast to Number failed for value \"NaN\" (type number) at path \"stock\"}","timestamp":"2023-04-15T23:19:10.398Z"}
{"level":"error","message":"{Error:400, Route:undefined, Message:ContenedorMongoDb: save Error, Error: ValidationError: price: Cast to Number failed for value \"NaN\" (type number) at path \"price\", stock: Cast to Number failed for value \"NaN\" (type number) at path \"stock\"}","timestamp":"2023-04-15T23:19:34.663Z"}
{"level":"error","message":"{Error:400, Route:undefined, Message:ContenedorMongoDb: save Error, Error: ValidationError: price: Cast to Number failed for value \"NaN\" (type number) at path \"price\", stock: Cast to Number failed for value \"NaN\" (type number) at path \"stock\"}","timestamp":"2023-04-15T23:23:11.222Z"}
{"level":"warn","message":"{Error:404, Route:/favicon.ico, Message:Error 404, Error: PAGE NOT FOUND}","timestamp":"2023-04-16T00:38:17.751Z"}
{"level":"warn","message":"{Error:404, Route:/favicon.ico, Message:Error 404, Error: PAGE NOT FOUND}","timestamp":"2023-04-16T00:59:49.157Z"}
{"level":"warn","message":"{Error:404, Route:/favicon.ico, Message:Error 404, Error: PAGE NOT FOUND}","timestamp":"2023-04-16T01:56:41.977Z"}
{"level":"warn","message":"{Error:404, Route:/favicon.ico, Message:Error 404, Error: PAGE NOT FOUND}","timestamp":"2023-04-16T01:57:25.256Z"}
{"level":"error","message":"{function:deleteCartProduct, route:/api/carrito/2/productos/4, method:DELETE, error:ReferenceError: deleteCartProduct is not defined}","timestamp":"2023-04-16T02:55:38.656Z"}
{"level":"error","message":"{function:Send Mail Rejected, route:/api/carrito/2/createOrder, method:POST, error:Order ID-2 sent by usermail walterio.pineda@gmail.com but sendMail error response -> Error: Invalid login: 535-5.7.8 Username and Password not accepted. Learn more at\n535 5.7.8  https://support.google.com/mail/?p=BadCredentials u7-20020a056870440700b001803597b4cesm3250116oah.55 - gsmtp}","timestamp":"2023-04-16T03:03:38.199Z"}
